Using pre-set license
Built from '2020.3/staging' branch; Version is '2020.3.33f1 (915a7af8b0d5) revision 9525882'; Using compiler version '192528614'; Build Type 'Release'
OS: 'Windows 10  (10.0.19043) 64bit Core' Language: 'en' Physical Memory: 32712 MB
BatchMode: 1, IsHumanControllingUs: 0, StartBugReporterOnCrash: 0, Is64bit: 1, IsPro: 0

COMMAND LINE ARGUMENTS:
C:\Program Files\Unity\Hub\Editor\2020.3.33f1\Editor\Unity.exe
-adb2
-batchMode
-noUpm
-name
AssetImportWorker0
-projectPath
D:/VGP142/SpringCPP2/CPP/CPP2Lab1
-logFile
Logs/AssetImportWorker0.log
-srvPort
52816
Successfully changed project path to: D:/VGP142/SpringCPP2/CPP/CPP2Lab1
D:/VGP142/SpringCPP2/CPP/CPP2Lab1
Using Asset Import Pipeline V2.
Refreshing native plugins compatible for Editor in 23.77 ms, found 2 plugins.
Preloading 0 native plugins for Editor in 0.00 ms.
Initialize engine version: 2020.3.33f1 (915a7af8b0d5)
[Subsystems] Discovering subsystems at path C:/Program Files/Unity/Hub/Editor/2020.3.33f1/Editor/Data/Resources/UnitySubsystems
[Subsystems] Discovering subsystems at path D:/VGP142/SpringCPP2/CPP/CPP2Lab1/Assets
GfxDevice: creating device client; threaded=0
Direct3D:
    Version:  Direct3D 11.0 [level 11.1]
    Renderer: NVIDIA GeForce RTX 3060 (ID=0x2503)
    Vendor:   
    VRAM:     12142 MB
    Driver:   30.0.15.1215
Initialize mono
Mono path[0] = 'C:/Program Files/Unity/Hub/Editor/2020.3.33f1/Editor/Data/Managed'
Mono path[1] = 'C:/Program Files/Unity/Hub/Editor/2020.3.33f1/Editor/Data/MonoBleedingEdge/lib/mono/unityjit'
Mono config path = 'C:/Program Files/Unity/Hub/Editor/2020.3.33f1/Editor/Data/MonoBleedingEdge/etc'
Using monoOptions --debugger-agent=transport=dt_socket,embedding=1,server=y,suspend=n,address=127.0.0.1:56096
Begin MonoManager ReloadAssembly
Registering precompiled unity dll's ...
Register platform support module: C:/Program Files/Unity/Hub/Editor/2020.3.33f1/Editor/Data/PlaybackEngines/WindowsStandaloneSupport/UnityEditor.WindowsStandalone.Extensions.dll
Registered in 0.002003 seconds.
Native extension for WindowsStandalone target not found
Refreshing native plugins compatible for Editor in 24.12 ms, found 2 plugins.
Preloading 0 native plugins for Editor in 0.00 ms.
Mono: successfully reloaded assembly
- Completed reload, in  0.400 seconds
Domain Reload Profiling:
	ReloadAssembly (400ms)
		BeginReloadAssembly (47ms)
			ExecutionOrderSort (0ms)
			DisableScriptedObjects (0ms)
			BackupInstance (0ms)
			ReleaseScriptingObjects (0ms)
			CreateAndSetChildDomain (1ms)
		EndReloadAssembly (299ms)
			LoadAssemblies (46ms)
			RebuildTransferFunctionScriptingTraits (0ms)
			SetupTypeCache (94ms)
			ReleaseScriptCaches (0ms)
			RebuildScriptCaches (18ms)
			SetupLoadedEditorAssemblies (115ms)
				LogAssemblyErrors (0ms)
				InitializePlatformSupportModulesInManaged (3ms)
				SetLoadedEditorAssemblies (0ms)
				RefreshPlugins (24ms)
				BeforeProcessingInitializeOnLoad (12ms)
				ProcessInitializeOnLoadAttributes (55ms)
				ProcessInitializeOnLoadMethodAttributes (19ms)
				AfterProcessingInitializeOnLoad (0ms)
				EditorAssembliesLoaded (0ms)
			ExecutionOrderSort2 (0ms)
			AwakeInstancesAfterBackupRestoration (0ms)
Platform modules already initialized, skipping
Registering precompiled user dll's ...
Registered in 0.002153 seconds.
Begin MonoManager ReloadAssembly
Symbol file LoadedFromMemory doesn't match image D:\VGP142\SpringCPP2\CPP\CPP2Lab1\Library\PackageCache\com.unity.collab-proxy@1.15.15\Lib\Editor\PlasticSCM\unityplastic.dll
Native extension for WindowsStandalone target not found
Refreshing native plugins compatible for Editor in 0.37 ms, found 2 plugins.
Preloading 0 native plugins for Editor in 0.00 ms.
Mono: successfully reloaded assembly
- Completed reload, in  0.701 seconds
Domain Reload Profiling:
	ReloadAssembly (701ms)
		BeginReloadAssembly (117ms)
			ExecutionOrderSort (0ms)
			DisableScriptedObjects (3ms)
			BackupInstance (0ms)
			ReleaseScriptingObjects (0ms)
			CreateAndSetChildDomain (20ms)
		EndReloadAssembly (539ms)
			LoadAssemblies (74ms)
			RebuildTransferFunctionScriptingTraits (0ms)
			SetupTypeCache (180ms)
			ReleaseScriptCaches (0ms)
			RebuildScriptCaches (26ms)
			SetupLoadedEditorAssemblies (213ms)
				LogAssemblyErrors (0ms)
				InitializePlatformSupportModulesInManaged (3ms)
				SetLoadedEditorAssemblies (0ms)
				RefreshPlugins (0ms)
				BeforeProcessingInitializeOnLoad (57ms)
				ProcessInitializeOnLoadAttributes (137ms)
				ProcessInitializeOnLoadMethodAttributes (9ms)
				AfterProcessingInitializeOnLoad (6ms)
				EditorAssembliesLoaded (0ms)
			ExecutionOrderSort2 (0ms)
			AwakeInstancesAfterBackupRestoration (4ms)
Platform modules already initialized, skipping
========================================================================
Worker process is ready to serve import requests
Launched and connected shader compiler UnityShaderCompiler.exe after 0.10 seconds
Refreshing native plugins compatible for Editor in 0.38 ms, found 2 plugins.
Preloading 0 native plugins for Editor in 0.00 ms.
Unloading 1517 Unused Serialized files (Serialized files now loaded: 0)
System memory in use before: 83.7 MB.
System memory in use after: 83.7 MB.

Unloading 16 unused Assets to reduce memory usage. Loaded Objects now: 1977.
Total: 2.284700 ms (FindLiveObjects: 0.115300 ms CreateObjectMapping: 0.030100 ms MarkObjects: 2.061900 ms  DeleteObjects: 0.076500 ms)

AssetImportParameters requested are different than current active one (requested -> active):
  custom:framework-win-MediaFoundation: 216162199b28c13a410421893ffa2e32 -> 
  custom:video-decoder-ogg-theora: a1e56fd34408186e4bbccfd4996cb3dc -> 
  custom:container-muxer-webm: aa71ff27fc2769a1b78a27578f13a17b -> 
  custom:container-demuxer-webm: 4f35f7cbe854078d1ac9338744f61a02 -> 
  custom:container-demuxer-ogg: 62fdf1f143b41e24485cea50d1cbac27 -> 
  custom:video-encoder-webm-vp8: eb34c28f22e8b96e1ab97ce403110664 -> 
  custom:video-decoder-webm-vp8: 9c59270c3fd7afecdb556c50c9e8de78 -> 
  custom:audio-decoder-ogg-vorbis: bf7c407c2cedff20999df2af8eb42d56 -> 
  custom:audio-encoder-webm-vorbis: bf7c407c2cedff20999df2af8eb42d56 -> 
========================================================================
Received Import Request.
  path: Assets/streetlamp.fbx
  artifactKey: Guid(447f8bf7c8d371c44a5a746e1e41c7db) Importer(815301076,1909f56bfc062723c751e8b465ee728b)
Start importing Assets/streetlamp.fbx using Guid(447f8bf7c8d371c44a5a746e1e41c7db) Importer(815301076,1909f56bfc062723c751e8b465ee728b)  -> (artifact id: '0466eb6c692f164325de57884275fd04') in 0.308847 seconds 
========================================================================
Received Import Request.
  Time since last request: 65.272822 seconds.
  path: Assets/streetlamp.fbx
  artifactKey: Guid(447f8bf7c8d371c44a5a746e1e41c7db) Importer(815301076,1909f56bfc062723c751e8b465ee728b)
Start importing Assets/streetlamp.fbx using Guid(447f8bf7c8d371c44a5a746e1e41c7db) Importer(815301076,1909f56bfc062723c751e8b465ee728b)  -> (artifact id: '52c0ef533f966bdc7410d27aa126e8c9') in 0.030688 seconds 
========================================================================
Received Import Request.
  Time since last request: 163.828434 seconds.
  path: Assets/New Terrain.asset
  artifactKey: Guid(ea284cdd022536a4f9b4330350f431bd) Importer(815301076,1909f56bfc062723c751e8b465ee728b)
Start importing Assets/New Terrain.asset using Guid(ea284cdd022536a4f9b4330350f431bd) Importer(815301076,1909f56bfc062723c751e8b465ee728b)  -> (artifact id: 'f2cc6afccc30f616bfe485e8c8fc3acf') in 0.036617 seconds 
========================================================================
Received Import Request.
  Time since last request: 20.151392 seconds.
  path: Assets/Props
  artifactKey: Guid(a7d9bc186dc33ec47a64e639fe8302fc) Importer(815301076,1909f56bfc062723c751e8b465ee728b)
Start importing Assets/Props using Guid(a7d9bc186dc33ec47a64e639fe8302fc) Importer(815301076,1909f56bfc062723c751e8b465ee728b)  -> (artifact id: '72071662bf77153ce6878253aa9e901e') in 0.009518 seconds 
========================================================================
Received Import Request.
  Time since last request: 11.921842 seconds.
  path: Assets/Props/Street Lamp
  artifactKey: Guid(15be84115a72e9341ad1d4f2d69b7201) Importer(815301076,1909f56bfc062723c751e8b465ee728b)
Start importing Assets/Props/Street Lamp using Guid(15be84115a72e9341ad1d4f2d69b7201) Importer(815301076,1909f56bfc062723c751e8b465ee728b)  -> (artifact id: '42d23feeabcc4bc9cb204283b6a6e947') in 0.004471 seconds 
========================================================================
Received Import Request.
  Time since last request: 45.937373 seconds.
  path: Assets/Props/Street Lamp/streetlamp.fbx
  artifactKey: Guid(447f8bf7c8d371c44a5a746e1e41c7db) Importer(815301076,1909f56bfc062723c751e8b465ee728b)
Start importing Assets/Props/Street Lamp/streetlamp.fbx using Guid(447f8bf7c8d371c44a5a746e1e41c7db) Importer(815301076,1909f56bfc062723c751e8b465ee728b)  -> (artifact id: 'ebd87e93b8baa39fd77b731e71fade35') in 0.071005 seconds 
========================================================================
Received Import Request.
  Time since last request: 127.946527 seconds.
  path: Assets/Env
  artifactKey: Guid(2ff36451784a46b418b2f118bc8ea3cf) Importer(815301076,1909f56bfc062723c751e8b465ee728b)
Start importing Assets/Env using Guid(2ff36451784a46b418b2f118bc8ea3cf) Importer(815301076,1909f56bfc062723c751e8b465ee728b)  -> (artifact id: '2b407aaf841c2263991babf3ec992227') in 0.004674 seconds 
========================================================================
Received Import Request.
  Time since last request: 9.707832 seconds.
  path: Assets/Env/Street
  artifactKey: Guid(d20943995e0fa2b4da5a491ca3a091f0) Importer(815301076,1909f56bfc062723c751e8b465ee728b)
Start importing Assets/Env/Street using Guid(d20943995e0fa2b4da5a491ca3a091f0) Importer(815301076,1909f56bfc062723c751e8b465ee728b)  -> (artifact id: '2d6d5aea2fc997bf928777165adf709f') in 0.004587 seconds 
========================================================================
Received Import Request.
  Time since last request: 70.184705 seconds.
  path: Assets/Env/Street/Street environment_V01.FBX
  artifactKey: Guid(3dd669288e588c84ea24fa5017b2afce) Importer(815301076,1909f56bfc062723c751e8b465ee728b)
Start importing Assets/Env/Street/Street environment_V01.FBX using Guid(3dd669288e588c84ea24fa5017b2afce) Importer(815301076,1909f56bfc062723c751e8b465ee728b)  -> (artifact id: '3627ff6e727175a2b43b51a7021bd038') in 0.132078 seconds 
========================================================================
Received Import Request.
  Time since last request: 347.635365 seconds.
  path: Assets/Env/Street/Street environment_V01.FBX
  artifactKey: Guid(3dd669288e588c84ea24fa5017b2afce) Importer(815301076,1909f56bfc062723c751e8b465ee728b)
Start importing Assets/Env/Street/Street environment_V01.FBX using Guid(3dd669288e588c84ea24fa5017b2afce) Importer(815301076,1909f56bfc062723c751e8b465ee728b)  -> (artifact id: 'd50ccaf7510c0a29164e94d463c003ac') in 0.202820 seconds 
========================================================================
Received Prepare
Registering precompiled user dll's ...
Registered in 0.026971 seconds.
Begin MonoManager ReloadAssembly
Symbol file LoadedFromMemory doesn't match image D:\VGP142\SpringCPP2\CPP\CPP2Lab1\Library\PackageCache\com.unity.collab-proxy@1.15.15\Lib\Editor\PlasticSCM\unityplastic.dll
Native extension for WindowsStandalone target not found
Refreshing native plugins compatible for Editor in 0.38 ms, found 2 plugins.
Preloading 0 native plugins for Editor in 0.00 ms.
Mono: successfully reloaded assembly
- Completed reload, in  0.651 seconds
Domain Reload Profiling:
	ReloadAssembly (652ms)
		BeginReloadAssembly (92ms)
			ExecutionOrderSort (0ms)
			DisableScriptedObjects (3ms)
			BackupInstance (0ms)
			ReleaseScriptingObjects (0ms)
			CreateAndSetChildDomain (29ms)
		EndReloadAssembly (515ms)
			LoadAssemblies (70ms)
			RebuildTransferFunctionScriptingTraits (0ms)
			SetupTypeCache (171ms)
			ReleaseScriptCaches (1ms)
			RebuildScriptCaches (24ms)
			SetupLoadedEditorAssemblies (199ms)
				LogAssemblyErrors (0ms)
				InitializePlatformSupportModulesInManaged (3ms)
				SetLoadedEditorAssemblies (0ms)
				RefreshPlugins (0ms)
				BeforeProcessingInitializeOnLoad (51ms)
				ProcessInitializeOnLoadAttributes (131ms)
				ProcessInitializeOnLoadMethodAttributes (6ms)
				AfterProcessingInitializeOnLoad (6ms)
				EditorAssembliesLoaded (0ms)
			ExecutionOrderSort2 (0ms)
			AwakeInstancesAfterBackupRestoration (5ms)
Platform modules already initialized, skipping
Refreshing native plugins compatible for Editor in 0.39 ms, found 2 plugins.
Preloading 0 native plugins for Editor in 0.00 ms.
Unloading 1510 Unused Serialized files (Serialized files now loaded: 0)
System memory in use before: 87.0 MB.
System memory in use after: 87.1 MB.

Unloading 11 unused Assets to reduce memory usage. Loaded Objects now: 2023.
Total: 2.393900 ms (FindLiveObjects: 0.130500 ms CreateObjectMapping: 0.033300 ms MarkObjects: 2.211400 ms  DeleteObjects: 0.017600 ms)

AssetImportParameters requested are different than current active one (requested -> active):
  custom:framework-win-MediaFoundation: 216162199b28c13a410421893ffa2e32 -> 
  custom:video-decoder-ogg-theora: a1e56fd34408186e4bbccfd4996cb3dc -> 
  custom:container-muxer-webm: aa71ff27fc2769a1b78a27578f13a17b -> 
  custom:container-demuxer-webm: 4f35f7cbe854078d1ac9338744f61a02 -> 
  custom:container-demuxer-ogg: 62fdf1f143b41e24485cea50d1cbac27 -> 
  custom:video-encoder-webm-vp8: eb34c28f22e8b96e1ab97ce403110664 -> 
  custom:video-decoder-webm-vp8: 9c59270c3fd7afecdb556c50c9e8de78 -> 
  custom:audio-decoder-ogg-vorbis: bf7c407c2cedff20999df2af8eb42d56 -> 
  custom:audio-encoder-webm-vorbis: bf7c407c2cedff20999df2af8eb42d56 -> 
========================================================================
Received Import Request.
  Time since last request: 261.388370 seconds.
  path: Assets/Env/Street/Street environment_V01.FBX
  artifactKey: Guid(3dd669288e588c84ea24fa5017b2afce) Importer(815301076,1909f56bfc062723c751e8b465ee728b)
Start importing Assets/Env/Street/Street environment_V01.FBX using Guid(3dd669288e588c84ea24fa5017b2afce) Importer(815301076,1909f56bfc062723c751e8b465ee728b)  -> (artifact id: 'fc592b38cddd4cb4b8ed70bb3ae72815') in 0.129387 seconds 
========================================================================
Received Import Request.
  Time since last request: 551.439004 seconds.
  path: Assets/Env/Street/Street environment_V01.FBX
  artifactKey: Guid(3dd669288e588c84ea24fa5017b2afce) Importer(815301076,1909f56bfc062723c751e8b465ee728b)
Start importing Assets/Env/Street/Street environment_V01.FBX using Guid(3dd669288e588c84ea24fa5017b2afce) Importer(815301076,1909f56bfc062723c751e8b465ee728b)  -> (artifact id: '5e363f9e3fc3ae4a606a8e1928619877') in 0.144381 seconds 
========================================================================
Received Import Request.
  Time since last request: 242.985778 seconds.
  path: Assets/Enemy
  artifactKey: Guid(53e326e25a9676b4f9f0a594c91cb77f) Importer(815301076,1909f56bfc062723c751e8b465ee728b)
Start importing Assets/Enemy using Guid(53e326e25a9676b4f9f0a594c91cb77f) Importer(815301076,1909f56bfc062723c751e8b465ee728b)  -> (artifact id: '890cfb5f7d7c09f8186d6349ac2982cf') in 0.006413 seconds 
========================================================================
Received Import Request.
  Time since last request: 23.403295 seconds.
  path: Assets/Enemy/Minion
  artifactKey: Guid(86ec10127c9d10c41b620673f4c871cd) Importer(815301076,1909f56bfc062723c751e8b465ee728b)
Start importing Assets/Enemy/Minion using Guid(86ec10127c9d10c41b620673f4c871cd) Importer(815301076,1909f56bfc062723c751e8b465ee728b)  -> (artifact id: 'e8c82455ee8acca99ebc715c0bab483e') in 0.005618 seconds 
========================================================================
Received Import Request.
  Time since last request: 27.599454 seconds.
  path: Assets/Enemy/Minion/minimon for upload.fbx
  artifactKey: Guid(9289775da39dabf4194a4324578186cf) Importer(815301076,1909f56bfc062723c751e8b465ee728b)
Start importing Assets/Enemy/Minion/minimon for upload.fbx using Guid(9289775da39dabf4194a4324578186cf) Importer(815301076,1909f56bfc062723c751e8b465ee728b)  -> (artifact id: '7d6e94b8cbac7504e66a0b95281bfbe3') in 0.038730 seconds 
========================================================================
Received Import Request.
  Time since last request: 117.439837 seconds.
  path: Assets/Enemy/Minion/minimon for upload.fbx
  artifactKey: Guid(9289775da39dabf4194a4324578186cf) Importer(815301076,1909f56bfc062723c751e8b465ee728b)
Start importing Assets/Enemy/Minion/minimon for upload.fbx using Guid(9289775da39dabf4194a4324578186cf) Importer(815301076,1909f56bfc062723c751e8b465ee728b)  -> (artifact id: 'a8e9fdf8f5ca64791afd0032ed61666d') in 0.098904 seconds 
========================================================================
Received Import Request.
  Time since last request: 7.775231 seconds.
  path: Assets/Enemy/Minion/minimon for upload.fbx
  artifactKey: Guid(9289775da39dabf4194a4324578186cf) Importer(815301076,1909f56bfc062723c751e8b465ee728b)
Start importing Assets/Enemy/Minion/minimon for upload.fbx using Guid(9289775da39dabf4194a4324578186cf) Importer(815301076,1909f56bfc062723c751e8b465ee728b)  -> (artifact id: '9e974489e1d35abe69d1b0409f36c8aa') in 0.052914 seconds 
========================================================================
Received Import Request.
  Time since last request: 49.247711 seconds.
  path: Assets/Enemy/Minion/minimon for upload.fbx
  artifactKey: Guid(9289775da39dabf4194a4324578186cf) Importer(815301076,1909f56bfc062723c751e8b465ee728b)
Start importing Assets/Enemy/Minion/minimon for upload.fbx using Guid(9289775da39dabf4194a4324578186cf) Importer(815301076,1909f56bfc062723c751e8b465ee728b)  -> (artifact id: '2d9daae54ee5129ff0e8547f8cd42edf') in 0.013787 seconds 
========================================================================
Received Import Request.
  Time since last request: 5539.329191 seconds.
  path: Assets/Scripts/Raycast.cs
  artifactKey: Guid(b56689cfd85a5fe41a64645ba1fd5914) Importer(815301076,1909f56bfc062723c751e8b465ee728b)
Start importing Assets/Scripts/Raycast.cs using Guid(b56689cfd85a5fe41a64645ba1fd5914) Importer(815301076,1909f56bfc062723c751e8b465ee728b)  -> (artifact id: 'dfd23c8ba6adec6cb722c58405351912') in 0.008319 seconds 
========================================================================
Received Prepare
Registering precompiled user dll's ...
Registered in 0.001919 seconds.
Begin MonoManager ReloadAssembly
Symbol file LoadedFromMemory doesn't match image D:\VGP142\SpringCPP2\CPP\CPP2Lab1\Library\PackageCache\com.unity.collab-proxy@1.15.15\Lib\Editor\PlasticSCM\unityplastic.dll
Native extension for WindowsStandalone target not found
Refreshing native plugins compatible for Editor in 0.39 ms, found 2 plugins.
Preloading 0 native plugins for Editor in 0.00 ms.
Mono: successfully reloaded assembly
- Completed reload, in  0.654 seconds
Domain Reload Profiling:
	ReloadAssembly (654ms)
		BeginReloadAssembly (89ms)
			ExecutionOrderSort (0ms)
			DisableScriptedObjects (3ms)
			BackupInstance (0ms)
			ReleaseScriptingObjects (0ms)
			CreateAndSetChildDomain (28ms)
		EndReloadAssembly (523ms)
			LoadAssemblies (68ms)
			RebuildTransferFunctionScriptingTraits (0ms)
			SetupTypeCache (178ms)
			ReleaseScriptCaches (1ms)
			RebuildScriptCaches (24ms)
			SetupLoadedEditorAssemblies (201ms)
				LogAssemblyErrors (0ms)
				InitializePlatformSupportModulesInManaged (3ms)
				SetLoadedEditorAssemblies (0ms)
				RefreshPlugins (0ms)
				BeforeProcessingInitializeOnLoad (53ms)
				ProcessInitializeOnLoadAttributes (131ms)
				ProcessInitializeOnLoadMethodAttributes (7ms)
				AfterProcessingInitializeOnLoad (6ms)
				EditorAssembliesLoaded (0ms)
			ExecutionOrderSort2 (0ms)
			AwakeInstancesAfterBackupRestoration (5ms)
Platform modules already initialized, skipping
Refreshing native plugins compatible for Editor in 0.39 ms, found 2 plugins.
Preloading 0 native plugins for Editor in 0.00 ms.
Unloading 1511 Unused Serialized files (Serialized files now loaded: 0)
System memory in use before: 87.2 MB.
System memory in use after: 87.3 MB.

Unloading 11 unused Assets to reduce memory usage. Loaded Objects now: 2028.
Total: 2.460500 ms (FindLiveObjects: 0.146100 ms CreateObjectMapping: 0.047800 ms MarkObjects: 2.244700 ms  DeleteObjects: 0.021100 ms)

AssetImportParameters requested are different than current active one (requested -> active):
  custom:framework-win-MediaFoundation: 216162199b28c13a410421893ffa2e32 -> 
  custom:video-decoder-ogg-theora: a1e56fd34408186e4bbccfd4996cb3dc -> 
  custom:container-muxer-webm: aa71ff27fc2769a1b78a27578f13a17b -> 
  custom:container-demuxer-webm: 4f35f7cbe854078d1ac9338744f61a02 -> 
  custom:container-demuxer-ogg: 62fdf1f143b41e24485cea50d1cbac27 -> 
  custom:video-encoder-webm-vp8: eb34c28f22e8b96e1ab97ce403110664 -> 
  custom:video-decoder-webm-vp8: 9c59270c3fd7afecdb556c50c9e8de78 -> 
  custom:audio-decoder-ogg-vorbis: bf7c407c2cedff20999df2af8eb42d56 -> 
  custom:audio-encoder-webm-vorbis: bf7c407c2cedff20999df2af8eb42d56 -> 
========================================================================
Received Import Request.
  Time since last request: 424.421200 seconds.
  path: Assets/Scripts/Raycast.cs
  artifactKey: Guid(b56689cfd85a5fe41a64645ba1fd5914) Importer(815301076,1909f56bfc062723c751e8b465ee728b)
Start importing Assets/Scripts/Raycast.cs using Guid(b56689cfd85a5fe41a64645ba1fd5914) Importer(815301076,1909f56bfc062723c751e8b465ee728b)  -> (artifact id: '4f7ee69a5221a41f4d067fa4b49a2d6b') in 0.006711 seconds 
========================================================================
Received Prepare
Registering precompiled user dll's ...
Registered in 0.002227 seconds.
Begin MonoManager ReloadAssembly
Symbol file LoadedFromMemory doesn't match image D:\VGP142\SpringCPP2\CPP\CPP2Lab1\Library\PackageCache\com.unity.collab-proxy@1.15.15\Lib\Editor\PlasticSCM\unityplastic.dll
Native extension for WindowsStandalone target not found
Refreshing native plugins compatible for Editor in 0.38 ms, found 2 plugins.
Preloading 0 native plugins for Editor in 0.00 ms.
Mono: successfully reloaded assembly
- Completed reload, in  0.648 seconds
Domain Reload Profiling:
	ReloadAssembly (648ms)
		BeginReloadAssembly (92ms)
			ExecutionOrderSort (0ms)
			DisableScriptedObjects (4ms)
			BackupInstance (0ms)
			ReleaseScriptingObjects (0ms)
			CreateAndSetChildDomain (29ms)
		EndReloadAssembly (513ms)
			LoadAssemblies (72ms)
			RebuildTransferFunctionScriptingTraits (0ms)
			SetupTypeCache (172ms)
			ReleaseScriptCaches (1ms)
			RebuildScriptCaches (23ms)
			SetupLoadedEditorAssemblies (198ms)
				LogAssemblyErrors (0ms)
				InitializePlatformSupportModulesInManaged (3ms)
				SetLoadedEditorAssemblies (0ms)
				RefreshPlugins (0ms)
				BeforeProcessingInitializeOnLoad (51ms)
				ProcessInitializeOnLoadAttributes (130ms)
				ProcessInitializeOnLoadMethodAttributes (7ms)
				AfterProcessingInitializeOnLoad (6ms)
				EditorAssembliesLoaded (0ms)
			ExecutionOrderSort2 (0ms)
			AwakeInstancesAfterBackupRestoration (4ms)
Platform modules already initialized, skipping
Refreshing native plugins compatible for Editor in 0.39 ms, found 2 plugins.
Preloading 0 native plugins for Editor in 0.00 ms.
Unloading 1511 Unused Serialized files (Serialized files now loaded: 0)
System memory in use before: 87.2 MB.
System memory in use after: 87.4 MB.

Unloading 11 unused Assets to reduce memory usage. Loaded Objects now: 2031.
Total: 2.540100 ms (FindLiveObjects: 0.147900 ms CreateObjectMapping: 0.046700 ms MarkObjects: 2.326800 ms  DeleteObjects: 0.018100 ms)

AssetImportParameters requested are different than current active one (requested -> active):
  custom:framework-win-MediaFoundation: 216162199b28c13a410421893ffa2e32 -> 
  custom:video-decoder-ogg-theora: a1e56fd34408186e4bbccfd4996cb3dc -> 
  custom:container-muxer-webm: aa71ff27fc2769a1b78a27578f13a17b -> 
  custom:container-demuxer-webm: 4f35f7cbe854078d1ac9338744f61a02 -> 
  custom:container-demuxer-ogg: 62fdf1f143b41e24485cea50d1cbac27 -> 
  custom:video-encoder-webm-vp8: eb34c28f22e8b96e1ab97ce403110664 -> 
  custom:video-decoder-webm-vp8: 9c59270c3fd7afecdb556c50c9e8de78 -> 
  custom:audio-decoder-ogg-vorbis: bf7c407c2cedff20999df2af8eb42d56 -> 
  custom:audio-encoder-webm-vorbis: bf7c407c2cedff20999df2af8eb42d56 -> 
========================================================================
Received Import Request.
  Time since last request: 93.600394 seconds.
  path: ProjectSettings/TagManager.asset
  artifactKey: Guid(00000000000000003000000000000000) Importer(815301076,1909f56bfc062723c751e8b465ee728b)
Start importing ProjectSettings/TagManager.asset using Guid(00000000000000003000000000000000) Importer(815301076,1909f56bfc062723c751e8b465ee728b)  -> (artifact id: '5d6259b0679b8b224a35e27cdcad2c35') in 0.016627 seconds 
========================================================================
Received Import Request.
  Time since last request: 141.018868 seconds.
  path: Assets/Scripts/Raycast.cs
  artifactKey: Guid(b56689cfd85a5fe41a64645ba1fd5914) Importer(815301076,1909f56bfc062723c751e8b465ee728b)
Start importing Assets/Scripts/Raycast.cs using Guid(b56689cfd85a5fe41a64645ba1fd5914) Importer(815301076,1909f56bfc062723c751e8b465ee728b)  -> (artifact id: '7ed7cac8ddc90355ede44477f71778a5') in 0.001783 seconds 
========================================================================
Received Import Request.
  Time since last request: 89.537257 seconds.
  path: Assets/Scripts/Raycast.cs
  artifactKey: Guid(b56689cfd85a5fe41a64645ba1fd5914) Importer(815301076,1909f56bfc062723c751e8b465ee728b)
Start importing Assets/Scripts/Raycast.cs using Guid(b56689cfd85a5fe41a64645ba1fd5914) Importer(815301076,1909f56bfc062723c751e8b465ee728b)  -> (artifact id: 'f7de3b2dbc9f5ae5b12ad4fb55146e75') in 0.002029 seconds 
========================================================================
Received Prepare
Registering precompiled user dll's ...
Registered in 0.001983 seconds.
Begin MonoManager ReloadAssembly
Symbol file LoadedFromMemory doesn't match image D:\VGP142\SpringCPP2\CPP\CPP2Lab1\Library\PackageCache\com.unity.collab-proxy@1.15.15\Lib\Editor\PlasticSCM\unityplastic.dll
Native extension for WindowsStandalone target not found
Refreshing native plugins compatible for Editor in 0.38 ms, found 2 plugins.
Preloading 0 native plugins for Editor in 0.00 ms.
Mono: successfully reloaded assembly
- Completed reload, in  0.622 seconds
Domain Reload Profiling:
	ReloadAssembly (623ms)
		BeginReloadAssembly (91ms)
			ExecutionOrderSort (0ms)
			DisableScriptedObjects (3ms)
			BackupInstance (0ms)
			ReleaseScriptingObjects (0ms)
			CreateAndSetChildDomain (30ms)
		EndReloadAssembly (489ms)
			LoadAssemblies (70ms)
			RebuildTransferFunctionScriptingTraits (0ms)
			SetupTypeCache (165ms)
			ReleaseScriptCaches (1ms)
			RebuildScriptCaches (22ms)
			SetupLoadedEditorAssemblies (187ms)
				LogAssemblyErrors (0ms)
				InitializePlatformSupportModulesInManaged (3ms)
				SetLoadedEditorAssemblies (0ms)
				RefreshPlugins (0ms)
				BeforeProcessingInitializeOnLoad (49ms)
				ProcessInitializeOnLoadAttributes (121ms)
				ProcessInitializeOnLoadMethodAttributes (6ms)
				AfterProcessingInitializeOnLoad (6ms)
				EditorAssembliesLoaded (0ms)
			ExecutionOrderSort2 (0ms)
			AwakeInstancesAfterBackupRestoration (4ms)
Platform modules already initialized, skipping
Refreshing native plugins compatible for Editor in 0.38 ms, found 2 plugins.
Preloading 0 native plugins for Editor in 0.00 ms.
Unloading 1511 Unused Serialized files (Serialized files now loaded: 0)
System memory in use before: 87.3 MB.
System memory in use after: 87.4 MB.

Unloading 12 unused Assets to reduce memory usage. Loaded Objects now: 2034.
Total: 2.456700 ms (FindLiveObjects: 0.136600 ms CreateObjectMapping: 0.041200 ms MarkObjects: 2.259500 ms  DeleteObjects: 0.018600 ms)

AssetImportParameters requested are different than current active one (requested -> active):
  custom:framework-win-MediaFoundation: 216162199b28c13a410421893ffa2e32 -> 
  custom:video-decoder-ogg-theora: a1e56fd34408186e4bbccfd4996cb3dc -> 
  custom:container-muxer-webm: aa71ff27fc2769a1b78a27578f13a17b -> 
  custom:container-demuxer-webm: 4f35f7cbe854078d1ac9338744f61a02 -> 
  custom:container-demuxer-ogg: 62fdf1f143b41e24485cea50d1cbac27 -> 
  custom:video-encoder-webm-vp8: eb34c28f22e8b96e1ab97ce403110664 -> 
  custom:video-decoder-webm-vp8: 9c59270c3fd7afecdb556c50c9e8de78 -> 
  custom:audio-decoder-ogg-vorbis: bf7c407c2cedff20999df2af8eb42d56 -> 
  custom:audio-encoder-webm-vorbis: bf7c407c2cedff20999df2af8eb42d56 -> 
========================================================================
Received Prepare
Registering precompiled user dll's ...
Registered in 0.002105 seconds.
Begin MonoManager ReloadAssembly
Symbol file LoadedFromMemory doesn't match image D:\VGP142\SpringCPP2\CPP\CPP2Lab1\Library\PackageCache\com.unity.collab-proxy@1.15.15\Lib\Editor\PlasticSCM\unityplastic.dll
Native extension for WindowsStandalone target not found
Refreshing native plugins compatible for Editor in 0.38 ms, found 2 plugins.
Preloading 0 native plugins for Editor in 0.00 ms.
Mono: successfully reloaded assembly
- Completed reload, in  0.638 seconds
Domain Reload Profiling:
	ReloadAssembly (638ms)
		BeginReloadAssembly (95ms)
			ExecutionOrderSort (0ms)
			DisableScriptedObjects (4ms)
			BackupInstance (0ms)
			ReleaseScriptingObjects (0ms)
			CreateAndSetChildDomain (29ms)
		EndReloadAssembly (499ms)
			LoadAssemblies (74ms)
			RebuildTransferFunctionScriptingTraits (0ms)
			SetupTypeCache (165ms)
			ReleaseScriptCaches (1ms)
			RebuildScriptCaches (24ms)
			SetupLoadedEditorAssemblies (187ms)
				LogAssemblyErrors (0ms)
				InitializePlatformSupportModulesInManaged (3ms)
				SetLoadedEditorAssemblies (0ms)
				RefreshPlugins (0ms)
				BeforeProcessingInitializeOnLoad (49ms)
				ProcessInitializeOnLoadAttributes (122ms)
				ProcessInitializeOnLoadMethodAttributes (6ms)
				AfterProcessingInitializeOnLoad (6ms)
				EditorAssembliesLoaded (0ms)
			ExecutionOrderSort2 (0ms)
			AwakeInstancesAfterBackupRestoration (5ms)
Platform modules already initialized, skipping
Refreshing native plugins compatible for Editor in 0.41 ms, found 2 plugins.
Preloading 0 native plugins for Editor in 0.00 ms.
Unloading 1511 Unused Serialized files (Serialized files now loaded: 0)
System memory in use before: 87.3 MB.
System memory in use after: 87.4 MB.

Unloading 11 unused Assets to reduce memory usage. Loaded Objects now: 2037.
Total: 2.404400 ms (FindLiveObjects: 0.136100 ms CreateObjectMapping: 0.037500 ms MarkObjects: 2.211800 ms  DeleteObjects: 0.018500 ms)

AssetImportParameters requested are different than current active one (requested -> active):
  custom:framework-win-MediaFoundation: 216162199b28c13a410421893ffa2e32 -> 
  custom:video-decoder-ogg-theora: a1e56fd34408186e4bbccfd4996cb3dc -> 
  custom:container-muxer-webm: aa71ff27fc2769a1b78a27578f13a17b -> 
  custom:container-demuxer-webm: 4f35f7cbe854078d1ac9338744f61a02 -> 
  custom:container-demuxer-ogg: 62fdf1f143b41e24485cea50d1cbac27 -> 
  custom:video-encoder-webm-vp8: eb34c28f22e8b96e1ab97ce403110664 -> 
  custom:video-decoder-webm-vp8: 9c59270c3fd7afecdb556c50c9e8de78 -> 
  custom:audio-decoder-ogg-vorbis: bf7c407c2cedff20999df2af8eb42d56 -> 
  custom:audio-encoder-webm-vorbis: bf7c407c2cedff20999df2af8eb42d56 -> 
========================================================================
Received Import Request.
  Time since last request: 632.674626 seconds.
  path: Assets/Scripts/Player.cs
  artifactKey: Guid(74d309dab80e4ab4c9f8f0a28d58a31a) Importer(815301076,1909f56bfc062723c751e8b465ee728b)
Start importing Assets/Scripts/Player.cs using Guid(74d309dab80e4ab4c9f8f0a28d58a31a) Importer(815301076,1909f56bfc062723c751e8b465ee728b)  -> (artifact id: '82aafc7cc195eede82e5cf37a6a26bdb') in 0.007399 seconds 
========================================================================
Received Import Request.
  Time since last request: 69.369146 seconds.
  path: Assets/Scripts/Raycast.cs
  artifactKey: Guid(b56689cfd85a5fe41a64645ba1fd5914) Importer(815301076,1909f56bfc062723c751e8b465ee728b)
Start importing Assets/Scripts/Raycast.cs using Guid(b56689cfd85a5fe41a64645ba1fd5914) Importer(815301076,1909f56bfc062723c751e8b465ee728b)  -> (artifact id: '9233bf06e72fe67ebbfeae54a911fe12') in 0.001783 seconds 
========================================================================
Received Import Request.
  Time since last request: 5.132744 seconds.
  path: Assets/Scripts/Fire.cs
  artifactKey: Guid(b56689cfd85a5fe41a64645ba1fd5914) Importer(815301076,1909f56bfc062723c751e8b465ee728b)
Start importing Assets/Scripts/Fire.cs using Guid(b56689cfd85a5fe41a64645ba1fd5914) Importer(815301076,1909f56bfc062723c751e8b465ee728b)  -> (artifact id: '07f95028e0d37e8cc303287cc52e9243') in 0.006659 seconds 
========================================================================
Received Prepare
Registering precompiled user dll's ...
Registered in 0.001938 seconds.
Begin MonoManager ReloadAssembly
Symbol file LoadedFromMemory doesn't match image D:\VGP142\SpringCPP2\CPP\CPP2Lab1\Library\PackageCache\com.unity.collab-proxy@1.15.15\Lib\Editor\PlasticSCM\unityplastic.dll
Native extension for WindowsStandalone target not found
Refreshing native plugins compatible for Editor in 0.40 ms, found 2 plugins.
Preloading 0 native plugins for Editor in 0.00 ms.
Mono: successfully reloaded assembly
- Completed reload, in  0.652 seconds
Domain Reload Profiling:
	ReloadAssembly (653ms)
		BeginReloadAssembly (90ms)
			ExecutionOrderSort (0ms)
			DisableScriptedObjects (3ms)
			BackupInstance (0ms)
			ReleaseScriptingObjects (0ms)
			CreateAndSetChildDomain (29ms)
		EndReloadAssembly (520ms)
			LoadAssemblies (70ms)
			RebuildTransferFunctionScriptingTraits (0ms)
			SetupTypeCache (178ms)
			ReleaseScriptCaches (1ms)
			RebuildScriptCaches (24ms)
			SetupLoadedEditorAssemblies (196ms)
				LogAssemblyErrors (0ms)
				InitializePlatformSupportModulesInManaged (3ms)
				SetLoadedEditorAssemblies (0ms)
				RefreshPlugins (0ms)
				BeforeProcessingInitializeOnLoad (53ms)
				ProcessInitializeOnLoadAttributes (127ms)
				ProcessInitializeOnLoadMethodAttributes (7ms)
				AfterProcessingInitializeOnLoad (6ms)
				EditorAssembliesLoaded (0ms)
			ExecutionOrderSort2 (0ms)
			AwakeInstancesAfterBackupRestoration (4ms)
Platform modules already initialized, skipping
Refreshing native plugins compatible for Editor in 0.39 ms, found 2 plugins.
Preloading 0 native plugins for Editor in 0.00 ms.
Unloading 1511 Unused Serialized files (Serialized files now loaded: 0)
System memory in use before: 87.3 MB.
System memory in use after: 87.4 MB.

Unloading 11 unused Assets to reduce memory usage. Loaded Objects now: 2040.
Total: 2.656300 ms (FindLiveObjects: 0.154200 ms CreateObjectMapping: 0.044600 ms MarkObjects: 2.436500 ms  DeleteObjects: 0.020300 ms)

AssetImportParameters requested are different than current active one (requested -> active):
  custom:framework-win-MediaFoundation: 216162199b28c13a410421893ffa2e32 -> 
  custom:video-decoder-ogg-theora: a1e56fd34408186e4bbccfd4996cb3dc -> 
  custom:container-muxer-webm: aa71ff27fc2769a1b78a27578f13a17b -> 
  custom:container-demuxer-webm: 4f35f7cbe854078d1ac9338744f61a02 -> 
  custom:container-demuxer-ogg: 62fdf1f143b41e24485cea50d1cbac27 -> 
  custom:video-encoder-webm-vp8: eb34c28f22e8b96e1ab97ce403110664 -> 
  custom:video-decoder-webm-vp8: 9c59270c3fd7afecdb556c50c9e8de78 -> 
  custom:audio-decoder-ogg-vorbis: bf7c407c2cedff20999df2af8eb42d56 -> 
  custom:audio-encoder-webm-vorbis: bf7c407c2cedff20999df2af8eb42d56 -> 
========================================================================
Received Import Request.
  Time since last request: 16.667113 seconds.
  path: Assets/Scripts/Fire.cs
  artifactKey: Guid(b56689cfd85a5fe41a64645ba1fd5914) Importer(815301076,1909f56bfc062723c751e8b465ee728b)
Start importing Assets/Scripts/Fire.cs using Guid(b56689cfd85a5fe41a64645ba1fd5914) Importer(815301076,1909f56bfc062723c751e8b465ee728b)  -> (artifact id: 'b10805986476bb28bd5b16af79b5241d') in 0.004558 seconds 
========================================================================
Received Import Request.
  Time since last request: 430.265274 seconds.
  path: Assets/Scripts/Fire.cs
  artifactKey: Guid(b56689cfd85a5fe41a64645ba1fd5914) Importer(815301076,1909f56bfc062723c751e8b465ee728b)
Start importing Assets/Scripts/Fire.cs using Guid(b56689cfd85a5fe41a64645ba1fd5914) Importer(815301076,1909f56bfc062723c751e8b465ee728b)  -> (artifact id: '279acef97edbd623958624808ac6bf59') in 0.001732 seconds 
========================================================================
Received Import Request.
  Time since last request: 15.911069 seconds.
  path: Assets/Scripts/Fire.cs
  artifactKey: Guid(b56689cfd85a5fe41a64645ba1fd5914) Importer(815301076,1909f56bfc062723c751e8b465ee728b)
Start importing Assets/Scripts/Fire.cs using Guid(b56689cfd85a5fe41a64645ba1fd5914) Importer(815301076,1909f56bfc062723c751e8b465ee728b)  -> (artifact id: '70c52219257e6a6cb20e43475de3342b') in 0.002903 seconds 
========================================================================
Received Prepare
Registering precompiled user dll's ...
Registered in 0.001972 seconds.
Begin MonoManager ReloadAssembly
Symbol file LoadedFromMemory doesn't match image D:\VGP142\SpringCPP2\CPP\CPP2Lab1\Library\PackageCache\com.unity.collab-proxy@1.15.15\Lib\Editor\PlasticSCM\unityplastic.dll
Native extension for WindowsStandalone target not found
Refreshing native plugins compatible for Editor in 0.37 ms, found 2 plugins.
Preloading 0 native plugins for Editor in 0.00 ms.
Mono: successfully reloaded assembly
- Completed reload, in  0.614 seconds
Domain Reload Profiling:
	ReloadAssembly (614ms)
		BeginReloadAssembly (88ms)
			ExecutionOrderSort (0ms)
			DisableScriptedObjects (3ms)
			BackupInstance (0ms)
			ReleaseScriptingObjects (0ms)
			CreateAndSetChildDomain (26ms)
		EndReloadAssembly (484ms)
			LoadAssemblies (71ms)
			RebuildTransferFunctionScriptingTraits (0ms)
			SetupTypeCache (157ms)
			ReleaseScriptCaches (1ms)
			RebuildScriptCaches (22ms)
			SetupLoadedEditorAssemblies (190ms)
				LogAssemblyErrors (0ms)
				InitializePlatformSupportModulesInManaged (3ms)
				SetLoadedEditorAssemblies (0ms)
				RefreshPlugins (0ms)
				BeforeProcessingInitializeOnLoad (51ms)
				ProcessInitializeOnLoadAttributes (123ms)
				ProcessInitializeOnLoadMethodAttributes (7ms)
				AfterProcessingInitializeOnLoad (5ms)
				EditorAssembliesLoaded (0ms)
			ExecutionOrderSort2 (0ms)
			AwakeInstancesAfterBackupRestoration (4ms)
Platform modules already initialized, skipping
Refreshing native plugins compatible for Editor in 0.44 ms, found 2 plugins.
Preloading 0 native plugins for Editor in 0.00 ms.
Unloading 1511 Unused Serialized files (Serialized files now loaded: 0)
System memory in use before: 87.3 MB.
System memory in use after: 87.4 MB.

Unloading 11 unused Assets to reduce memory usage. Loaded Objects now: 2043.
Total: 2.797200 ms (FindLiveObjects: 0.193000 ms CreateObjectMapping: 0.033800 ms MarkObjects: 2.547200 ms  DeleteObjects: 0.022100 ms)

AssetImportParameters requested are different than current active one (requested -> active):
  custom:framework-win-MediaFoundation: 216162199b28c13a410421893ffa2e32 -> 
  custom:video-decoder-ogg-theora: a1e56fd34408186e4bbccfd4996cb3dc -> 
  custom:container-muxer-webm: aa71ff27fc2769a1b78a27578f13a17b -> 
  custom:container-demuxer-webm: 4f35f7cbe854078d1ac9338744f61a02 -> 
  custom:container-demuxer-ogg: 62fdf1f143b41e24485cea50d1cbac27 -> 
  custom:video-encoder-webm-vp8: eb34c28f22e8b96e1ab97ce403110664 -> 
  custom:video-decoder-webm-vp8: 9c59270c3fd7afecdb556c50c9e8de78 -> 
  custom:audio-decoder-ogg-vorbis: bf7c407c2cedff20999df2af8eb42d56 -> 
  custom:audio-encoder-webm-vorbis: bf7c407c2cedff20999df2af8eb42d56 -> 
========================================================================
Received Import Request.
  Time since last request: 189.620821 seconds.
  path: Assets/Projectile.prefab
  artifactKey: Guid(5ff40db4b65ab274c9cbad14942829e8) Importer(815301076,1909f56bfc062723c751e8b465ee728b)
Start importing Assets/Projectile.prefab using Guid(5ff40db4b65ab274c9cbad14942829e8) Importer(815301076,1909f56bfc062723c751e8b465ee728b)  -> (artifact id: 'dd0566e401b58e62a8ef05065033c22a') in 0.050920 seconds 
========================================================================
Received Import Request.
  Time since last request: 300.747034 seconds.
  path: Assets/Scripts/Fire.cs
  artifactKey: Guid(b56689cfd85a5fe41a64645ba1fd5914) Importer(815301076,1909f56bfc062723c751e8b465ee728b)
Start importing Assets/Scripts/Fire.cs using Guid(b56689cfd85a5fe41a64645ba1fd5914) Importer(815301076,1909f56bfc062723c751e8b465ee728b)  -> (artifact id: '12e8e165e14a13f55e5e51ea1729e983') in 0.001654 seconds 
========================================================================
Received Import Request.
  Time since last request: 83.606856 seconds.
  path: Assets/Scripts/Fire.cs
  artifactKey: Guid(b56689cfd85a5fe41a64645ba1fd5914) Importer(815301076,1909f56bfc062723c751e8b465ee728b)
Start importing Assets/Scripts/Fire.cs using Guid(b56689cfd85a5fe41a64645ba1fd5914) Importer(815301076,1909f56bfc062723c751e8b465ee728b)  -> (artifact id: '436ff31a65c5b6b4174ce6da62a9556f') in 0.001724 seconds 
========================================================================
Received Prepare
Registering precompiled user dll's ...
Registered in 0.001963 seconds.
Begin MonoManager ReloadAssembly
Symbol file LoadedFromMemory doesn't match image D:\VGP142\SpringCPP2\CPP\CPP2Lab1\Library\PackageCache\com.unity.collab-proxy@1.15.15\Lib\Editor\PlasticSCM\unityplastic.dll
Native extension for WindowsStandalone target not found
Refreshing native plugins compatible for Editor in 0.38 ms, found 2 plugins.
Preloading 0 native plugins for Editor in 0.00 ms.
Mono: successfully reloaded assembly
- Completed reload, in  0.630 seconds
Domain Reload Profiling:
	ReloadAssembly (631ms)
		BeginReloadAssembly (93ms)
			ExecutionOrderSort (0ms)
			DisableScriptedObjects (3ms)
			BackupInstance (0ms)
			ReleaseScriptingObjects (0ms)
			CreateAndSetChildDomain (28ms)
		EndReloadAssembly (496ms)
			LoadAssemblies (73ms)
			RebuildTransferFunctionScriptingTraits (0ms)
			SetupTypeCache (169ms)
			ReleaseScriptCaches (1ms)
			RebuildScriptCaches (23ms)
			SetupLoadedEditorAssemblies (189ms)
				LogAssemblyErrors (0ms)
				InitializePlatformSupportModulesInManaged (3ms)
				SetLoadedEditorAssemblies (0ms)
				RefreshPlugins (0ms)
				BeforeProcessingInitializeOnLoad (49ms)
				ProcessInitializeOnLoadAttributes (123ms)
				ProcessInitializeOnLoadMethodAttributes (6ms)
				AfterProcessingInitializeOnLoad (6ms)
				EditorAssembliesLoaded (0ms)
			ExecutionOrderSort2 (0ms)
			AwakeInstancesAfterBackupRestoration (4ms)
Platform modules already initialized, skipping
Refreshing native plugins compatible for Editor in 0.39 ms, found 2 plugins.
Preloading 0 native plugins for Editor in 0.00 ms.
Unloading 1511 Unused Serialized files (Serialized files now loaded: 0)
System memory in use before: 87.3 MB.
System memory in use after: 87.5 MB.

Unloading 12 unused Assets to reduce memory usage. Loaded Objects now: 2048.
Total: 2.522000 ms (FindLiveObjects: 0.133600 ms CreateObjectMapping: 0.033500 ms MarkObjects: 2.331300 ms  DeleteObjects: 0.023000 ms)

AssetImportParameters requested are different than current active one (requested -> active):
  custom:framework-win-MediaFoundation: 216162199b28c13a410421893ffa2e32 -> 
  custom:video-decoder-ogg-theora: a1e56fd34408186e4bbccfd4996cb3dc -> 
  custom:container-muxer-webm: aa71ff27fc2769a1b78a27578f13a17b -> 
  custom:container-demuxer-webm: 4f35f7cbe854078d1ac9338744f61a02 -> 
  custom:container-demuxer-ogg: 62fdf1f143b41e24485cea50d1cbac27 -> 
  custom:video-encoder-webm-vp8: eb34c28f22e8b96e1ab97ce403110664 -> 
  custom:video-decoder-webm-vp8: 9c59270c3fd7afecdb556c50c9e8de78 -> 
  custom:audio-decoder-ogg-vorbis: bf7c407c2cedff20999df2af8eb42d56 -> 
  custom:audio-encoder-webm-vorbis: bf7c407c2cedff20999df2af8eb42d56 -> 
AssetImportWorkerClient::OnTransportError - code=2 error=End of file
